error: Session with id 1not found {"timestamp":"2024-02-10 16:02:87"}
error: sessions not found {"timestamp":"2024-02-10 16:02:78"}
error: sessions not found {"timestamp":"2024-02-10 17:02:13"}
error: sessionn with ${id} is not found {"timestamp":"2024-02-10 17:02:93"}
error: Session with id 1not found {"timestamp":"2024-02-10 17:02:38"}
error: Session with id 2not found {"timestamp":"2024-02-10 17:02:63"}
error: Session with id 3not found {"timestamp":"2024-02-10 17:02:48"}
error: Session with id 4not found {"timestamp":"2024-02-10 17:02:88"}
error: Session with id 4not found {"timestamp":"2024-02-10 17:02:77"}
error: Session with id 4not found {"timestamp":"2024-02-10 17:02:64"}
error: Session with id 12not found {"timestamp":"2024-02-10 17:02:60"}
error: sessions not found {"timestamp":"2024-02-10 17:02:25"}
error: sessions not found {"timestamp":"2024-02-10 17:02:26"}
error: sessionn with id 11 is not found {"timestamp":"2024-02-10 17:02:27"}
error: sessionn with id 11 is not found {"timestamp":"2024-02-10 17:02:28"}
error: id, crisis, clientName, counslerName, date, sessionStatus are required {"timestamp":"2024-02-10 17:02:29"}
error: id, crisis, clientName, counslerName, date, sessionStatus are required {"timestamp":"2024-02-10 17:02:30"}
error: id, crisis, clientName, counslerName, date, sessionStatus are required {"timestamp":"2024-02-10 17:02:31"}
error: Session with id 13not found {"timestamp":"2024-02-10 17:02:33"}
error: session with id 14 not found {"timestamp":"2024-02-10 17:02:34"}
error: session with id 14 not found {"timestamp":"2024-02-10 17:02:34"}
error: sessions not found {"timestamp":"2024-02-10 17:02:28"}
error: sessions not found {"timestamp":"2024-02-10 17:02:29"}
error: sessionn with id 11 is not found {"timestamp":"2024-02-10 17:02:30"}
error: sessionn with id 11 is not found {"timestamp":"2024-02-10 17:02:31"}
error: id, crisis, clientName, counslerName, date, sessionStatus are required {"timestamp":"2024-02-10 17:02:32"}
error: id, crisis, clientName, counslerName, date, sessionStatus are required {"timestamp":"2024-02-10 17:02:32"}
error: id, crisis, clientName, counslerName, date, sessionStatus are required {"timestamp":"2024-02-10 17:02:34"}
error: Session with id 13not found {"timestamp":"2024-02-10 17:02:35"}
error: session with id 14 not found {"timestamp":"2024-02-10 17:02:36"}
error: session with id 14 not found {"timestamp":"2024-02-10 17:02:36"}
error: sessions not found {"timestamp":"2024-02-10 17:02:66"}
error: sessions not found {"timestamp":"2024-02-10 17:02:68"}
error: sessionn with id 11 is not found {"timestamp":"2024-02-10 17:02:69"}
error: sessionn with id 11 is not found {"timestamp":"2024-02-10 17:02:70"}
error: Session with id 13not found {"timestamp":"2024-02-10 17:02:74"}
error: session with id 14 not found {"timestamp":"2024-02-10 17:02:75"}
error: session with id 14 not found {"timestamp":"2024-02-10 17:02:75"}
error: sessions not found {"timestamp":"2024-02-10 17:02:31"}
error: sessions not found {"timestamp":"2024-02-10 17:02:10"}
error: sessions not found {"timestamp":"2024-02-10 17:02:69"}
error: sessions not found {"timestamp":"2024-02-10 17:02:47"}
error: sessions not found {"timestamp":"2024-02-10 17:02:83"}
error: sessions not found {"timestamp":"2024-02-10 18:02:78"}
error: id, crisis, clientName, counslerName, date, sessionStatus are required {"timestamp":"2024-02-10 18:02:46"}
error: id, crisis, clientName, counslerName, date, sessionStatus are required {"timestamp":"2024-02-10 18:02:59"}
error: id, crisis, clientName, counslerName, date, sessionStatus are required {"timestamp":"2024-02-10 18:02:100"}
error: id, crisis, clientName, counslerName, date, sessionStatus are required {"timestamp":"2024-02-10 18:02:79"}
error: id, crisis, clientName, counslerName, date, sessionStatus are required {"timestamp":"2024-02-10 18:02:11"}
error: id, crisis, clientName, counslerName, date, sessionStatus are required {"timestamp":"2024-02-10 18:02:20"}
error: id, crisis, clientName, counslerName, date, sessionStatus are required {"timestamp":"2024-02-10 18:02:84"}
error: id, crisis, clientName, counslerName, date, sessionStatus are required {"timestamp":"2024-02-10 18:02:60"}
error: id, crisis, clientName, counslerName, date, sessionStatus are required {"timestamp":"2024-02-10 18:02:37"}
error: id, crisis, clientName, counslerName, date, sessionStatus are required {"timestamp":"2024-02-10 18:02:55"}
error: id, crisis, clientName, counslerName, date, sessionStatus are required {"timestamp":"2024-02-10 18:02:84"}
error: id, crisis, clientName, counslerName, date, sessionStatus are required {"timestamp":"2024-02-10 18:02:95"}
error: session with id 2 already exists {"timestamp":"2024-02-10 18:02:69"}
error: id, crisis, clientName, counslerName, date, sessionStatus are required {"timestamp":"2024-02-10 18:02:06"}
error: session with id 10 already exists {"timestamp":"2024-02-10 18:02:76"}
error: id, crisis, clientName, counslerName, date, sessionStatus are required {"timestamp":"2024-02-10 18:02:38"}
error: Empty request body {"timestamp":"2024-02-10 18:02:67"}
error: Empty request body {"timestamp":"2024-02-10 18:02:83"}
error: Empty request body {"timestamp":"2024-02-10 18:02:03"}
error: id, crisis, clientName, counslerName, date, sessionStatus are required {"timestamp":"2024-02-10 18:02:24"}
error: id, crisis, clientName, counslerName, date, sessionStatus are required {"timestamp":"2024-02-10 18:02:06"}
error: id, crisis, clientName, counslerName, date, sessionStatus are required {"timestamp":"2024-02-10 18:02:32"}
error: session with id 4 not found {"timestamp":"2024-02-10 18:02:45"}
error: session with id 6 not found {"timestamp":"2024-02-10 18:02:19"}
error: sessions not found {"timestamp":"2024-02-10 18:02:78"}
error: sessions not found {"timestamp":"2024-02-10 18:02:81"}
error: sessionn with id 11 is not found {"timestamp":"2024-02-10 18:02:83"}
error: sessionn with id 11 is not found {"timestamp":"2024-02-10 18:02:84"}
error: Empty request body {"timestamp":"2024-02-10 18:02:86"}
error: Empty request body {"timestamp":"2024-02-10 18:02:87"}
error: Empty request body {"timestamp":"2024-02-10 18:02:90"}
error: Session with id 13not found {"timestamp":"2024-02-10 18:02:92"}
error: session with id 14 not found {"timestamp":"2024-02-10 18:02:94"}
error: session with id 14 not found {"timestamp":"2024-02-10 18:02:95"}
error: sessions not found {"timestamp":"2024-02-10 19:02:65"}
error: sessions not found {"timestamp":"2024-02-10 19:02:67"}
error: sessionn with id 11 is not found {"timestamp":"2024-02-10 19:02:69"}
error: sessionn with id 11 is not found {"timestamp":"2024-02-10 19:02:69"}
error: Empty request body {"timestamp":"2024-02-10 19:02:71"}
error: Empty request body {"timestamp":"2024-02-10 19:02:80"}
error: Empty request body {"timestamp":"2024-02-10 19:02:82"}
error: Session with id 13not found {"timestamp":"2024-02-10 19:02:84"}
error: sessions not found {"timestamp":"2024-02-10 19:02:36"}
error: sessions not found {"timestamp":"2024-02-10 19:02:38"}
error: sessionn with id 11 is not found {"timestamp":"2024-02-10 19:02:40"}
error: sessionn with id 11 is not found {"timestamp":"2024-02-10 19:02:41"}
error: Empty request body {"timestamp":"2024-02-10 19:02:43"}
error: Empty request body {"timestamp":"2024-02-10 19:02:52"}
error: Empty request body {"timestamp":"2024-02-10 19:02:54"}
error: Session with id 13not found {"timestamp":"2024-02-10 19:02:56"}
error: sessions not found {"timestamp":"2024-02-10 19:02:56"}
error: sessions not found {"timestamp":"2024-02-10 19:02:59"}
error: sessionn with id 11 is not found {"timestamp":"2024-02-10 19:02:60"}
error: sessionn with id 11 is not found {"timestamp":"2024-02-10 19:02:61"}
error: Empty request body {"timestamp":"2024-02-10 19:02:63"}
error: Empty request body {"timestamp":"2024-02-10 19:02:64"}
error: Empty request body {"timestamp":"2024-02-10 19:02:67"}
error: Session with id 13not found {"timestamp":"2024-02-10 19:02:69"}
error: sessions not found {"timestamp":"2024-02-10 19:02:06"}
error: sessions not found {"timestamp":"2024-02-10 19:02:08"}
error: sessionn with id 11 is not found {"timestamp":"2024-02-10 19:02:09"}
error: sessionn with id 11 is not found {"timestamp":"2024-02-10 19:02:10"}
error: Empty request body {"timestamp":"2024-02-10 19:02:12"}
error: Empty request body {"timestamp":"2024-02-10 19:02:12"}
error: Empty request body {"timestamp":"2024-02-10 19:02:15"}
error: Session with id 13not found {"timestamp":"2024-02-10 19:02:16"}
error: sessions not found {"timestamp":"2024-02-10 19:02:45"}
error: sessionn with id 2 is not found {"timestamp":"2024-02-10 19:02:54"}
error: sessionn with id 2 is not found {"timestamp":"2024-02-10 19:02:99"}
error: sessionn with id 6 is not found {"timestamp":"2024-02-10 19:02:41"}
error: sessions not found {"timestamp":"2024-02-10 19:02:83"}
error: sessions not found {"timestamp":"2024-02-10 19:02:35"}
error: sessions not found {"timestamp":"2024-02-10 19:02:14"}
error: sessions not found {"timestamp":"2024-02-10 19:02:01"}
error: sessions not found {"timestamp":"2024-02-10 19:02:11"}
error: Empty request body {"timestamp":"2024-02-10 19:02:15"}
error: Empty request body {"timestamp":"2024-02-10 19:02:16"}
error: Empty request body {"timestamp":"2024-02-10 19:02:18"}
error: Session with id 13not found {"timestamp":"2024-02-10 19:02:20"}
error: Session with id 23not found {"timestamp":"2024-02-10 19:02:69"}
error: Session with id 23not found {"timestamp":"2024-02-10 19:02:55"}
error: Session with id 2 not found {"timestamp":"2024-02-10 19:02:04"}
error: Session with id 23 not found {"timestamp":"2024-02-10 19:02:29"}
error: sessions not found {"timestamp":"2024-02-10 19:02:32"}
error: sessions not found {"timestamp":"2024-02-10 19:02:40"}
error: Empty request body {"timestamp":"2024-02-10 19:02:44"}
error: Empty request body {"timestamp":"2024-02-10 19:02:45"}
error: Empty request body {"timestamp":"2024-02-10 19:02:48"}
error: Session with id 13 not found {"timestamp":"2024-02-10 19:02:49"}
error: id, crisis, clientName, counslerName, date, sessionStatus are required {"timestamp":"2024-02-10 19:02:18"}
error: Empty request body {"timestamp":"2024-02-10 19:02:77"}
error: session with id 4 already exists {"timestamp":"2024-02-10 19:02:89"}
error: session with id 4 already exists {"timestamp":"2024-02-10 19:02:31"}
error: sessions not found {"timestamp":"2024-02-10 19:02:16"}
error: sessions not found {"timestamp":"2024-02-10 19:02:27"}
error: Empty request body {"timestamp":"2024-02-10 19:02:33"}
error: Empty request body {"timestamp":"2024-02-10 19:02:34"}
error: Empty request body {"timestamp":"2024-02-10 19:02:37"}
error: Session with id 13 not found {"timestamp":"2024-02-10 19:02:39"}
error: sessions not found {"timestamp":"2024-02-10 19:02:05"}
error: sessions not found {"timestamp":"2024-02-10 19:02:07"}
error: Empty request body {"timestamp":"2024-02-10 19:02:12"}
error: Empty request body {"timestamp":"2024-02-10 19:02:12"}
error: Empty request body {"timestamp":"2024-02-10 19:02:13"}
error: Session with id 13 not found {"timestamp":"2024-02-10 19:02:15"}
error: id, crisis, clientName, counslerName, date, sessionStatus are required {"timestamp":"2024-02-10 19:02:78"}
error: Empty request body {"timestamp":"2024-02-10 19:02:78"}
error: sessions not found {"timestamp":"2024-02-10 20:02:02"}
error: sessions not found {"timestamp":"2024-02-10 20:02:03"}
error: Empty request body {"timestamp":"2024-02-10 20:02:06"}
error: Empty request body {"timestamp":"2024-02-10 20:02:06"}
error: Empty request body {"timestamp":"2024-02-10 20:02:07"}
error: Session with id 13 not found {"timestamp":"2024-02-10 20:02:08"}
error: sessions not found {"timestamp":"2024-02-10 20:02:51"}
error: sessions not found {"timestamp":"2024-02-10 20:02:57"}
error: Empty request body {"timestamp":"2024-02-10 20:02:60"}
error: Empty request body {"timestamp":"2024-02-10 20:02:61"}
error: Empty request body {"timestamp":"2024-02-10 20:02:62"}
error: Session with id 13 not found {"timestamp":"2024-02-10 20:02:63"}
error: sessions not found {"timestamp":"2024-02-10 20:02:32"}
error: sessions not found {"timestamp":"2024-02-10 21:02:48"}
error: sessions not found {"timestamp":"2024-02-10 21:02:06"}
error: sessions not found {"timestamp":"2024-02-23 12:02:83"}
error: sessions not found {"timestamp":"2024-02-23 12:02:89"}
error: sessions not found {"timestamp":"2024-02-23 13:02:45"}
error: sessions not found {"timestamp":"2024-02-23 13:02:96"}
error: sessions not found {"timestamp":"2024-02-23 14:02:87"}
error: sessions not found {"timestamp":"2024-02-23 14:02:14"}
error: sessions not found {"timestamp":"2024-02-23 14:02:03"}
error: sessions not found {"timestamp":"2024-02-23 14:02:44"}
error: sessions not found {"timestamp":"2024-02-23 14:02:80"}
error: sessions not found {"timestamp":"2024-02-23 14:02:16"}
error: sessions not found {"timestamp":"2024-02-23 14:02:31"}
error: sessions not found {"timestamp":"2024-02-23 14:02:57"}
error: sessions not found {"timestamp":"2024-02-23 15:02:22"}
